<?xml version="1.0" encoding="windows-1252" standalone="no"?>
<!DOCTYPE log SYSTEM "logger.dtd">
<log>
<record>
  <date>2021-12-14T15:14:32</date>
  <millis>1639475072691</millis>
  <sequence>0</sequence>
  <logger>com.example.demo.TestCustom</logger>
  <level>INFO</level>
  <class>com.example.demo.TestCustom</class>
  <method>main</method>
  <thread>1</thread>
  <message>Employee [employeeId=100, employeeName=shyam, designation=manager, salary=30000.0]</message>
</record>
</log>
<?xml version="1.0" encoding="windows-1252" standalone="no"?>
<!DOCTYPE log SYSTEM "logger.dtd">
<log>
<record>
  <date>2021-12-14T15:18:29</date>
  <millis>1639475309895</millis>
  <sequence>0</sequence>
  <logger>com.example.demo.TestCustom</logger>
  <level>INFO</level>
  <class>com.example.demo.TestCustom</class>
  <method>main</method>
  <thread>1</thread>
  <message>Employee [employeeId=100, employeeName=shyam, designation=manager, salary=30000.0]</message>
</record>
</log>
<?xml version="1.0" encoding="windows-1252" standalone="no"?>
<!DOCTYPE log SYSTEM "logger.dtd">
<log>
<record>
  <date>2021-12-14T15:33:21</date>
  <millis>1639476201811</millis>
  <sequence>0</sequence>
  <logger>com.example.demo.TestCustom</logger>
  <level>INFO</level>
  <class>com.example.demo.TestCustom</class>
  <method>main</method>
  <thread>1</thread>
  <message>Employee [employeeId=100, employeeName=shyam, designation=manager, salary=30000.0]</message>
</record>
</log>
